<?xml version="1.0" encoding="UTF-8"?>
<!-- Generated by org.testng.reporters.JUnitXMLReporter -->
<testsuite hostname="DESKTOP-9DK63RU" ignored="3" name="DeleteAllSmartCardsFF" tests="1" failures="1" timestamp="18 Jan 2019 05:36:31 GMT" time="39.228" errors="0">
  <testcase name="deleteSmartCardTestAll" time="19.637" classname="com.edcast.portnov.smartcardtests.SmartCardTest">
    <failure type="org.openqa.selenium.ElementClickInterceptedException" message="Element &amp;lt;div class=&amp;quot;insight-dropdown&amp;quot;&amp;gt; is not clickable at point (666.9666748046875,710.5) because another element &amp;lt;span&amp;gt; obscures it
Build info: version: &amp;apos;3.141.59&amp;apos;, revision: &amp;apos;e82be7d358&amp;apos;, time: &amp;apos;2018-11-14T08:25:53&amp;apos;
System info: host: &amp;apos;DESKTOP-9DK63RU&amp;apos;, ip: &amp;apos;192.168.0.14&amp;apos;, os.name: &amp;apos;Windows 10&amp;apos;, os.arch: &amp;apos;amd64&amp;apos;, os.version: &amp;apos;10.0&amp;apos;, java.version: &amp;apos;1.8.0_191&amp;apos;
Driver info: org.openqa.selenium.firefox.FirefoxDriver
Capabilities {acceptInsecureCerts: true, browserName: firefox, browserVersion: 64.0, capabilities: {desiredCapabilities: {acceptInsecureCerts: true, browserName: firefox}}, javascriptEnabled: true, moz:accessibilityChecks: false, moz:headless: false, moz:processID: 37504, moz:profile: C:\Users\valde\AppData\Loca..., moz:shutdownTimeout: 60000, moz:useNonSpecCompliantPointerOrigin: false, moz:webdriverClick: true, pageLoadStrategy: normal, platform: WINDOWS, platformName: WINDOWS, platformVersion: 10.0, rotatable: false, setWindowRect: true, timeouts: {implicit: 0, pageLoad: 300000, script: 30000}, unhandledPromptBehavior: dismiss and notify}
Session ID: 1baa43a5-0ad4-4892-ac55-59fcc3366e79">
      <![CDATA[org.openqa.selenium.ElementClickInterceptedException: Element <div class="insight-dropdown"> is not clickable at point (666.9666748046875,710.5) because another element <span> obscures it
Build info: version: '3.141.59', revision: 'e82be7d358', time: '2018-11-14T08:25:53'
System info: host: 'DESKTOP-9DK63RU', ip: '192.168.0.14', os.name: 'Windows 10', os.arch: 'amd64', os.version: '10.0', java.version: '1.8.0_191'
Driver info: org.openqa.selenium.firefox.FirefoxDriver
Capabilities {acceptInsecureCerts: true, browserName: firefox, browserVersion: 64.0, capabilities: {desiredCapabilities: {acceptInsecureCerts: true, browserName: firefox}}, javascriptEnabled: true, moz:accessibilityChecks: false, moz:headless: false, moz:processID: 37504, moz:profile: C:\Users\valde\AppData\Loca..., moz:shutdownTimeout: 60000, moz:useNonSpecCompliantPointerOrigin: false, moz:webdriverClick: true, pageLoadStrategy: normal, platform: WINDOWS, platformName: WINDOWS, platformVersion: 10.0, rotatable: false, setWindowRect: true, timeouts: {implicit: 0, pageLoad: 300000, script: 30000}, unhandledPromptBehavior: dismiss and notify}
Session ID: 1baa43a5-0ad4-4892-ac55-59fcc3366e79
at org.openqa.selenium.remote.http.W3CHttpResponseCodec.createException(W3CHttpResponseCodec.java:187)
at org.openqa.selenium.remote.http.W3CHttpResponseCodec.decode(W3CHttpResponseCodec.java:122)
at org.openqa.selenium.remote.http.W3CHttpResponseCodec.decode(W3CHttpResponseCodec.java:49)
at org.openqa.selenium.remote.HttpCommandExecutor.execute(HttpCommandExecutor.java:158)
at org.openqa.selenium.remote.service.DriverCommandExecutor.execute(DriverCommandExecutor.java:83)
at org.openqa.selenium.remote.RemoteWebDriver.execute(RemoteWebDriver.java:552)
at org.openqa.selenium.remote.RemoteWebElement.execute(RemoteWebElement.java:285)
at org.openqa.selenium.remote.RemoteWebElement.click(RemoteWebElement.java:84)
at com.edcast.portnov.pages.BasePageObject.click(BasePageObject.java:37)
at com.edcast.portnov.pages.MyContentPage.deleteSmartCardTestAll(MyContentPage.java:45)
at com.edcast.portnov.smartcardtests.SmartCardTest.deleteSmartCardTestAll(SmartCardTest.java:119)
at java.util.concurrent.FutureTask.run(FutureTask.java:266)
at java.util.concurrent.ThreadPoolExecutor.runWorker(ThreadPoolExecutor.java:1149)
at java.util.concurrent.ThreadPoolExecutor$Worker.run(ThreadPoolExecutor.java:624)
at java.lang.Thread.run(Thread.java:748)
... Removed 20 stack frames]]>
    </failure>
  </testcase> <!-- deleteSmartCardTestAll -->
  <testcase name="createSmartCardLink" time="0.0" classname="com.edcast.portnov.smartcardtests.SmartCardTest">
    <ignored/>
  </testcase> <!-- createSmartCardLink -->
  <testcase name="deleteSmartCardTest" time="0.0" classname="com.edcast.portnov.smartcardtests.SmartCardTest">
    <ignored/>
  </testcase> <!-- deleteSmartCardTest -->
  <testcase name="createSmartCardPoll" time="0.0" classname="com.edcast.portnov.smartcardtests.SmartCardTest">
    <ignored/>
  </testcase> <!-- createSmartCardPoll -->
</testsuite> <!-- DeleteAllSmartCardsFF -->
