<?xml version="1.0" encoding="UTF-8"?>
<!-- Generated by org.testng.reporters.JUnitXMLReporter -->
<testsuite hostname="DESKTOP-9DK63RU" ignored="3" name="DeleteSmartCardFF" tests="1" failures="0" timestamp="18 Jan 2019 05:36:33 GMT" time="41.131" errors="0">
  <testcase name="deleteSmartCardTest" time="22.31" classname="com.edcast.portnov.smartcardtests.SmartCardTest"/>
  <testcase name="createSmartCardLink" time="0.0" classname="com.edcast.portnov.smartcardtests.SmartCardTest">
    <ignored/>
  </testcase> <!-- createSmartCardLink -->
  <testcase name="deleteSmartCardTestAll" time="0.0" classname="com.edcast.portnov.smartcardtests.SmartCardTest">
    <ignored/>
  </testcase> <!-- deleteSmartCardTestAll -->
  <testcase name="createSmartCardPoll" time="0.0" classname="com.edcast.portnov.smartcardtests.SmartCardTest">
    <ignored/>
  </testcase> <!-- createSmartCardPoll -->
</testsuite> <!-- DeleteSmartCardFF -->
