<?xml version="1.0" encoding="UTF-8"?>
<!-- Generated by org.testng.reporters.JUnitXMLReporter -->
<testsuite hostname="DESKTOP-9DK63RU" ignored="1" name="PositiveCreationPollTestFF" tests="1" failures="0" timestamp="17 Jan 2019 02:37:01 GMT" time="27.199" errors="0">
  <testcase name="createSmartCardPoll" time="14.088" classname="com.edcast.portnov.smartcardtests.SmartCardTest"/>
  <testcase name="createSmartCardLink" time="0.0" classname="com.edcast.portnov.smartcardtests.SmartCardTest">
    <ignored/>
  </testcase> <!-- createSmartCardLink -->
</testsuite> <!-- PositiveCreationPollTestFF -->
