<?xml version="1.0" encoding="UTF-8"?>
<!-- Generated by org.testng.reporters.JUnitXMLReporter -->
<testsuite hostname="DESKTOP-9DK63RU" ignored="2" name="PositiveCreationPollCH" tests="1" failures="0" timestamp="18 Jan 2019 03:13:49 GMT" time="21.132" errors="0">
  <testcase name="createSmartCardPoll" time="16.719" classname="com.edcast.portnov.smartcardtests.SmartCardTest"/>
  <testcase name="createSmartCardLink" time="0.0" classname="com.edcast.portnov.smartcardtests.SmartCardTest">
    <ignored/>
  </testcase> <!-- createSmartCardLink -->
  <testcase name="deleteSmartCardTest" time="0.0" classname="com.edcast.portnov.smartcardtests.SmartCardTest">
    <ignored/>
  </testcase> <!-- deleteSmartCardTest -->
</testsuite> <!-- PositiveCreationPollCH -->
