<?xml version="1.0" encoding="UTF-8"?>
<!-- Generated by org.testng.reporters.JUnitXMLReporter -->
<testsuite hostname="DESKTOP-9DK63RU" ignored="0" name="PositiveCreationTestCH" tests="2" failures="2" timestamp="15 Jan 2019 07:56:40 GMT" time="43.365" errors="0">
  <testcase name="createSmartCardLink" time="9.014" classname="com.edcast.portnov.smartcardtests.SmartCardTest">
    <failure type="java.lang.NullPointerException">
      <![CDATA[java.lang.NullPointerException
at com.edcast.portnov.pages.BasePageObject.getCurrentUrl(BasePageObject.java:28)
at com.edcast.portnov.smartcardtests.SmartCardTest.createSmartCardLink(SmartCardTest.java:46)
at java.util.concurrent.FutureTask.run(FutureTask.java:266)
at java.util.concurrent.ThreadPoolExecutor.runWorker(ThreadPoolExecutor.java:1149)
at java.util.concurrent.ThreadPoolExecutor$Worker.run(ThreadPoolExecutor.java:624)
at java.lang.Thread.run(Thread.java:748)
... Removed 16 stack frames]]>
    </failure>
  </testcase> <!-- createSmartCardLink -->
  <testcase name="createSmartCardPoll" time="9.755" classname="com.edcast.portnov.smartcardtests.SmartCardTest">
    <failure type="java.lang.NullPointerException">
      <![CDATA[java.lang.NullPointerException
at com.edcast.portnov.pages.BasePageObject.getCurrentUrl(BasePageObject.java:28)
at com.edcast.portnov.smartcardtests.SmartCardTest.createSmartCardPoll(SmartCardTest.java:72)
at java.util.concurrent.FutureTask.run(FutureTask.java:266)
at java.util.concurrent.ThreadPoolExecutor.runWorker(ThreadPoolExecutor.java:1149)
at java.util.concurrent.ThreadPoolExecutor$Worker.run(ThreadPoolExecutor.java:624)
at java.lang.Thread.run(Thread.java:748)
... Removed 16 stack frames]]>
    </failure>
  </testcase> <!-- createSmartCardPoll -->
</testsuite> <!-- PositiveCreationTestCH -->
