<?xml version="1.0" encoding="UTF-8"?>
<!-- Generated by org.testng.reporters.JUnitXMLReporter -->
<testsuite hostname="DESKTOP-9DK63RU" ignored="1" name="PositiveCreationTestByLinkFF" tests="1" failures="0" timestamp="17 Jan 2019 21:34:48 GMT" time="24.287" errors="0">
  <testcase name="createSmartCardLink" time="16.153" classname="com.edcast.portnov.smartcardtests.SmartCardTest"/>
  <testcase name="createSmartCardPoll" time="0.0" classname="com.edcast.portnov.smartcardtests.SmartCardTest">
    <ignored/>
  </testcase> <!-- createSmartCardPoll -->
</testsuite> <!-- PositiveCreationTestByLinkFF -->
