<?xml version="1.0" encoding="UTF-8"?>
<!-- Generated by org.testng.reporters.JUnitXMLReporter -->
<testsuite hostname="DESKTOP-9DK63RU" ignored="1" name="PositiveCreationByLinkCH" tests="1" failures="0" timestamp="17 Jan 2019 21:35:06 GMT" time="18.511" errors="0">
  <testcase name="createSmartCardLink" time="14.822" classname="com.edcast.portnov.smartcardtests.SmartCardTest"/>
  <testcase name="createSmartCardPoll" time="0.0" classname="com.edcast.portnov.smartcardtests.SmartCardTest">
    <ignored/>
  </testcase> <!-- createSmartCardPoll -->
</testsuite> <!-- PositiveCreationByLinkCH -->
