<?xml version="1.0" encoding="UTF-8"?>
<!-- Generated by org.testng.reporters.JUnitXMLReporter -->
<testsuite hostname="DESKTOP-9DK63RU" ignored="0" name="NegativeLogInTestCH" tests="5" failures="0" timestamp="24 Jan 2019 18:24:54 GMT" time="123.961" errors="0">
  <testcase name="negativeLoginTest" time="16.641" classname="com.t4project.loginpagetests.NegativeLoginTests"/>
  <testcase name="negativeLoginTest" time="7.707" classname="com.t4project.loginpagetests.NegativeLoginTests"/>
  <testcase name="negativeLoginTest" time="27.52" classname="com.t4project.loginpagetests.NegativeLoginTests"/>
  <testcase name="negativeLoginTest" time="28.575" classname="com.t4project.loginpagetests.NegativeLoginTests"/>
  <testcase name="negativeLoginTest" time="27.467" classname="com.t4project.loginpagetests.NegativeLoginTests"/>
</testsuite> <!-- NegativeLogInTestCH -->
