<?xml version="1.0" encoding="UTF-8"?>
<!-- Generated by org.testng.reporters.JUnitXMLReporter -->
<testsuite hostname="DESKTOP-9DK63RU" ignored="0" name="NegativeLogInTestCH" tests="5" failures="0" timestamp="19 Mar 2019 03:14:14 GMT" time="32.117" errors="0">
  <testcase name="negativeLoginTest" time="2.989" classname="com.t4project.loginpagetests.NegativeLoginTests"/>
  <testcase name="negativeLoginTest" time="4.783" classname="com.t4project.loginpagetests.NegativeLoginTests"/>
  <testcase name="negativeLoginTest" time="2.741" classname="com.t4project.loginpagetests.NegativeLoginTests"/>
  <testcase name="negativeLoginTest" time="3.179" classname="com.t4project.loginpagetests.NegativeLoginTests"/>
  <testcase name="negativeLoginTest" time="2.866" classname="com.t4project.loginpagetests.NegativeLoginTests"/>
</testsuite> <!-- NegativeLogInTestCH -->
