<?xml version="1.0" encoding="UTF-8"?>
<!-- Generated by org.testng.reporters.JUnitXMLReporter -->
<testsuite hostname="DESKTOP-9DK63RU" ignored="0" name="NegativeLogInTestFF" tests="5" failures="0" timestamp="19 Mar 2019 03:14:17 GMT" time="35.748" errors="0">
  <testcase name="negativeLoginTest" time="4.887" classname="com.t4project.loginpagetests.NegativeLoginTests"/>
  <testcase name="negativeLoginTest" time="2.28" classname="com.t4project.loginpagetests.NegativeLoginTests"/>
  <testcase name="negativeLoginTest" time="2.472" classname="com.t4project.loginpagetests.NegativeLoginTests"/>
  <testcase name="negativeLoginTest" time="2.535" classname="com.t4project.loginpagetests.NegativeLoginTests"/>
  <testcase name="negativeLoginTest" time="2.026" classname="com.t4project.loginpagetests.NegativeLoginTests"/>
</testsuite> <!-- NegativeLogInTestFF -->
