<?xml version="1.0" encoding="UTF-8"?>
<!-- Generated by org.testng.reporters.JUnitXMLReporter -->
<testsuite hostname="DESKTOP-9DK63RU" ignored="0" name="NegativeLogInTestFF" tests="5" failures="0" timestamp="24 Jan 2019 18:28:27 GMT" time="337.003" errors="0">
  <testcase name="negativeLoginTest" time="17.36" classname="com.t4project.loginpagetests.NegativeLoginTests"/>
  <testcase name="negativeLoginTest" time="36.86" classname="com.t4project.loginpagetests.NegativeLoginTests"/>
  <testcase name="negativeLoginTest" time="50.826" classname="com.t4project.loginpagetests.NegativeLoginTests"/>
  <testcase name="negativeLoginTest" time="174.061" classname="com.t4project.loginpagetests.NegativeLoginTests"/>
  <testcase name="negativeLoginTest" time="35.993" classname="com.t4project.loginpagetests.NegativeLoginTests"/>
</testsuite> <!-- NegativeLogInTestFF -->
