<?xml version="1.0" encoding="UTF-8"?>
<!-- Generated by org.testng.reporters.JUnitXMLReporter -->
<testsuite hostname="DESKTOP-9DK63RU" ignored="0" name="NegativeLogInTestCH" tests="5" failures="0" timestamp="24 Jan 2019 01:39:21 GMT" time="35.573" errors="0">
  <testcase name="negativeLoginTest" time="3.952" classname="com.t4project.loginpagetests.NegativeLoginTests"/>
  <testcase name="negativeLoginTest" time="4.262" classname="com.t4project.loginpagetests.NegativeLoginTests"/>
  <testcase name="negativeLoginTest" time="4.694" classname="com.t4project.loginpagetests.NegativeLoginTests"/>
  <testcase name="negativeLoginTest" time="5.139" classname="com.t4project.loginpagetests.NegativeLoginTests"/>
  <testcase name="negativeLoginTest" time="4.269" classname="com.t4project.loginpagetests.NegativeLoginTests"/>
</testsuite> <!-- NegativeLogInTestCH -->
