<?xml version="1.0" encoding="UTF-8"?>
<!-- Generated by org.testng.reporters.JUnitXMLReporter -->
<testsuite hostname="DESKTOP-9DK63RU" ignored="0" name="PositiveResetPasswordTestFF" tests="2" failures="0" timestamp="19 Mar 2019 04:34:13 GMT" time="13.51" errors="0">
  <testcase name="negativeResetPasswordTest" time="3.345" classname="com.t4project.loginpagetests.ResetPasswordTest"/>
  <testcase name="positiveResetPasswordTest" time="2.515" classname="com.t4project.loginpagetests.ResetPasswordTest"/>
</testsuite> <!-- PositiveResetPasswordTestFF -->
