<?xml version="1.0" encoding="UTF-8"?>
<!-- Generated by org.testng.reporters.JUnitXMLReporter -->
<testsuite hostname="DESKTOP-9DK63RU" ignored="0" name="PositiveResetPasswordTestCH" tests="2" failures="0" timestamp="24 Jan 2019 01:38:50 GMT" time="14.66" errors="0">
  <testcase name="negativeResetPasswordTest" time="5.471" classname="com.t4project.loginpagetests.ResetPasswordTest"/>
  <testcase name="positiveResetPasswordTest" time="3.039" classname="com.t4project.loginpagetests.ResetPasswordTest"/>
</testsuite> <!-- PositiveResetPasswordTestCH -->
