<?xml version="1.0" encoding="UTF-8"?>
<!-- Generated by org.testng.reporters.JUnitXMLReporter -->
<testsuite hostname="DESKTOP-9DK63RU" ignored="0" name="PositiveResetPasswordTestFF" tests="2" failures="0" timestamp="24 Jan 2019 01:35:40 GMT" time="16.462" errors="0">
  <testcase name="negativeResetPasswordTest" time="4.719" classname="com.t4project.loginpagetests.ResetPasswordTest"/>
  <testcase name="positiveResetPasswordTest" time="4.061" classname="com.t4project.loginpagetests.ResetPasswordTest"/>
</testsuite> <!-- PositiveResetPasswordTestFF -->
