<?xml version="1.0" encoding="UTF-8"?>
<testng-results skipped="0" failed="0" ignored="0" total="1" passed="1">
  <reporter-output>
  </reporter-output>
  <suite name="PositiveLoginTestsuite" duration-ms="10474" started-at="2019-03-14T04:57:01Z" finished-at="2019-03-14T04:57:11Z">
    <groups>
    </groups>
    <test name="PositiveTestCH" duration-ms="10474" started-at="2019-03-14T04:57:01Z" finished-at="2019-03-14T04:57:11Z">
      <class name="com.t4project.loginpagetests.PositiveLoginTests">
        <test-method status="PASS" signature="setUp(java.lang.String, org.testng.ITestContext)[pri:0, instance:com.t4project.loginpagetests.PositiveLoginTests@5e5792a0]" name="setUp" is-config="true" duration-ms="3654" started-at="2019-03-14T04:57:01Z" finished-at="2019-03-14T04:57:04Z">
          <params>
            <param index="0">
              <value>
                <![CDATA[chrome]]>
              </value>
            </param>
            <param index="1">
              <value>
                <![CDATA[org.testng.TestRunner@4bec1f0c]]>
              </value>
            </param>
          </params>
          <reporter-output>
          </reporter-output>
        </test-method> <!-- setUp -->
        <test-method status="PASS" signature="loginTest()[pri:0, instance:com.t4project.loginpagetests.PositiveLoginTests@5e5792a0]" name="loginTest" duration-ms="6201" started-at="2019-03-14T04:57:04Z" finished-at="2019-03-14T04:57:11Z">
          <reporter-output>
          </reporter-output>
        </test-method> <!-- loginTest -->
        <test-method status="PASS" signature="tearDown()[pri:0, instance:com.t4project.loginpagetests.PositiveLoginTests@5e5792a0]" name="tearDown" is-config="true" duration-ms="593" started-at="2019-03-14T04:57:11Z" finished-at="2019-03-14T04:57:11Z">
          <reporter-output>
          </reporter-output>
        </test-method> <!-- tearDown -->
      </class> <!-- com.t4project.loginpagetests.PositiveLoginTests -->
    </test> <!-- PositiveTestCH -->
  </suite> <!-- PositiveLoginTestsuite -->
</testng-results>
